<?xml version="1.0" encoding="UTF-8"?>
<testsuite name="CarListTest" tests="6" skipped="0" failures="0" errors="0" timestamp="2024-04-27T07:28:37" hostname="DESKTOP-LAH62EF" time="0.033">
  <properties/>
  <testcase name="checkSize()" classname="CarListTest" time="0.023"/>
  <testcase name="addCar()" classname="CarListTest" time="0.001"/>
  <testcase name="removeForIndex()" classname="CarListTest" time="0.001"/>
  <testcase name="removeCar()" classname="CarListTest" time="0.003"/>
  <testcase name="addPoIndexInArray()" classname="CarListTest" time="0.001"/>
  <testcase name="checkContains()" classname="CarListTest" time="0.001"/>
  <system-out><![CDATA[]]></system-out>
  <system-err><![CDATA[]]></system-err>
</testsuite>
