<?xml version="1.0" encoding="UTF-8"?>
<testsuite name="CarListTest" tests="5" skipped="0" failures="0" errors="0" timestamp="2024-04-26T08:48:58" hostname="DESKTOP-LAH62EF" time="0.032">
  <properties/>
  <testcase name="addCar()" classname="CarListTest" time="0.024"/>
  <testcase name="removeForIndex()" classname="CarListTest" time="0.0"/>
  <testcase name="checkSize()" classname="CarListTest" time="0.001"/>
  <testcase name="removeCar()" classname="CarListTest" time="0.003"/>
  <testcase name="addPoIndexInArray()" classname="CarListTest" time="0.001"/>
  <system-out><![CDATA[]]></system-out>
  <system-err><![CDATA[]]></system-err>
</testsuite>
